0 info it worked if it ends with ok
1 verbose cli [ 'C:\\App\\Node.js\\node.exe',
1 verbose cli   'C:\\App\\Node.js\\node_modules\\npm\\bin\\npm-cli.js',
1 verbose cli   'start' ]
2 info using npm@3.4.0
3 info using node@v4.2.2
4 verbose stack Error: missing script: start
4 verbose stack     at run (C:\App\Node.js\node_modules\npm\lib\run-script.js:147:19)
4 verbose stack     at C:\App\Node.js\node_modules\npm\lib\run-script.js:57:5
4 verbose stack     at C:\App\Node.js\node_modules\npm\node_modules\read-package-json\read-json.js:345:5
4 verbose stack     at checkBinReferences_ (C:\App\Node.js\node_modules\npm\node_modules\read-package-json\read-json.js:309:45)
4 verbose stack     at final (C:\App\Node.js\node_modules\npm\node_modules\read-package-json\read-json.js:343:3)
4 verbose stack     at then (C:\App\Node.js\node_modules\npm\node_modules\read-package-json\read-json.js:113:5)
4 verbose stack     at ReadFileContext.<anonymous> (C:\App\Node.js\node_modules\npm\node_modules\read-package-json\read-json.js:284:20)
4 verbose stack     at ReadFileContext.callback (C:\App\Node.js\node_modules\npm\node_modules\graceful-fs\graceful-fs.js:76:16)
4 verbose stack     at FSReqWrap.readFileAfterOpen [as oncomplete] (fs.js:303:13)
5 verbose cwd C:\Dev\Misc\angularTraining
6 error Windows_NT 10.0.10240
7 error argv "C:\\App\\Node.js\\node.exe" "C:\\App\\Node.js\\node_modules\\npm\\bin\\npm-cli.js" "start"
8 error node v4.2.2
9 error npm  v3.4.0
10 error missing script: start
11 error If you need help, you may report this error at:
11 error     <https://github.com/npm/npm/issues>
12 verbose exit [ 1, true ]
